20230315	12:12:14	28887eef-35f9-46a4-9982-333c81158912	GET	/	undefined
20230315	12:12:14	817ed355-afe2-4b24-afb5-2575c08687a8	GET	/css/style.css	undefined
20230315	12:18:26	1c162769-8d1c-4342-89a6-5e8bf6faba18	GET	/	chrome-extension://laookkfknpbbblfpciffpaejjkokdgca
20230315	12:20:43	fba7bb61-1fb6-4a3e-bb00-75b20481a3d9	GET	/	chrome-extension://laookkfknpbbblfpciffpaejjkokdgca
20230315	12:25:49	c35b9f0f-20e2-46bb-9cff-ec3609ec7aa7	GET	/	chrome-extension://laookkfknpbbblfpciffpaejjkokdgca
20230315	15:38:29	ccc1728a-d718-4c6f-bee8-dfa5044a4acb	GET	/users	undefined
20230315	15:44:02	20fa72e5-9337-4e14-a9b8-8036280012f7	POST	/users	undefined
20230315	15:46:24	cb2b50da-1e41-435b-855f-76aee2a0be2a	POST	/users	undefined
20230315	15:46:43	3fa6cd6d-7969-4b85-9638-74cefb9817a6	POST	/users	undefined
20230315	15:46:57	e21cf56c-7ec7-415c-bcd7-c7ab5f271e90	GET	/users	undefined
20230315	15:49:09	d7673e1b-7cd8-4930-acbf-64d8be57dba7	POST	/users	undefined
20230315	15:49:51	81e9c076-c23c-4b09-9c7f-600bb0557ba6	POST	/users	undefined
20230315	15:50:01	03711e63-72a2-47a0-8aae-4b77d19be86b	POST	/users	undefined
20230315	15:50:36	37a9b414-beac-4269-83b2-ee3e8f94a454	POST	/users	undefined
20230315	15:50:40	adf8e21c-ad20-4c41-be24-d266ba7463d8	POST	/users	undefined
20230315	15:50:47	92792d8e-de6c-4636-bbd2-9fce8564ceef	POST	/users	undefined
20230315	15:52:17	0caae916-0a34-4550-8ec9-c5e65439d303	POST	/users	undefined
20230315	15:53:09	62fb686b-8ff3-422d-bf49-10f7644dee45	POST	/users	undefined
20230315	15:54:00	8a71f673-4e7b-48fd-a3b9-79a1383cb48d	GET	/users	undefined
20230315	15:55:06	76ff0bc9-66b3-41ac-866b-398acc6e761a	PATCH	/users	undefined
20230315	15:55:24	1dd65ade-cd50-46ef-8b49-ebeae5d0a89f	PATCH	/users	undefined
20230315	15:55:55	df10f434-17b0-462c-ae5b-a7ff99ae407c	PATCH	/users	undefined
20230315	15:56:03	e006ba10-1628-451e-a452-f415a610ffa6	GET	/users	undefined
20230315	15:56:37	d97e015f-5912-4ed5-9c5d-aaff63a1e30e	POST	/users	undefined
20230315	15:56:47	d8bc5e8f-276c-4486-a3cf-42dfea9b7439	GET	/users	undefined
20230315	15:56:57	803c76d7-d3e3-4484-9ce4-e2e685a6d575	GET	/users	undefined
20230315	15:57:38	0c9fae82-2a1e-4224-8d1e-1cd41141176b	POST	/users	undefined
20230315	15:57:50	431b2a55-194c-43e7-9922-8d137eafbc7e	POST	/users	undefined
20230315	15:58:01	990deea6-dbce-4ccf-a73c-d6e8591e393e	POST	/users	undefined
20230315	15:58:07	f395b3ae-7a7a-4b22-8622-c06a6480a38e	POST	/users	undefined
20230315	15:58:30	58745846-de9c-4220-af1b-8490d55b7e89	POST	/users	undefined
20230315	15:58:35	cd32bc17-d123-46d4-8c55-c0cabbba430f	GET	/users	undefined
20230315	15:59:37	654c8cf3-6cf2-4941-8f53-909216374516	PATCH	/users	undefined
20230315	15:59:48	35d0e26b-f9b4-426d-baa0-85024884131c	PATCH	/users	undefined
20230315	16:00:04	e6859732-592f-4409-8071-cc0d4643d3a1	PATCH	/users	undefined
20230315	16:01:37	3f6445ac-3fc6-4b47-860e-f0a741892c5b	PATCH	/users	undefined
20230315	16:01:49	29da614f-9758-48d9-935e-eb6ae82ff42b	PATCH	/users	undefined
20230315	16:02:07	58b436a0-71ae-4a21-9975-13f5a65d1e11	DELETE	/users	undefined
20230315	16:02:18	bcfd0510-d0f8-461d-b01e-5df39e3790df	DELETE	/users	undefined
20230315	16:02:26	9e4edbf0-4a86-4348-ac31-92a7a7aa2e35	DELETE	/users	undefined
20230315	16:03:17	b692a1b8-285c-437a-aec0-7b7a801d21e3	GET	/users	undefined
20230315	16:10:10	08ac89be-a07b-4d0d-b5bf-4b4b81714f29	GET	/users	undefined
20230315	16:38:21	0d12689b-17ee-415e-9b4d-26beefe99d10	GET	/allowances	undefined
20230315	16:41:04	c00c2e56-cd4e-49d8-bf84-d82d25ed6b8c	GET	/allowances	undefined
20230315	16:41:10	a9ea3d12-c5cc-47c7-80b2-efb80cea5264	POST	/allowances	undefined
20230315	16:41:24	9c9a9c9d-48eb-4e23-ae98-df84be03910b	POST	/allowances	undefined
20230315	16:43:18	7c91b71a-78e9-4193-8fe4-5fcf36519098	POST	/allowances	undefined
20230315	16:44:01	794e1d14-39f5-40e5-8dbb-512743e9e497	GET	/users	undefined
20230315	16:45:48	a1a3bec1-9519-4bcc-9c6a-77ac71d0a92c	POST	/allowances	undefined
20230315	16:50:44	071b96e1-59c8-4b43-a099-bccf3330ef68	POST	/allowances	undefined
20230315	16:53:32	c24c65a8-00dc-47ee-a768-eb024aabfa8d	POST	/allowances	undefined
20230315	16:55:54	f705702a-2c45-4223-886d-78a031f0acca	POST	/allowances	undefined
20230315	16:59:18	dac99629-f06e-47a6-aa51-a7fd20afa2e5	POST	/allowances	undefined
20230315	17:00:36	51da8cff-3431-48fc-b06f-d819aaaf5f62	POST	/allowances	undefined
